# JRE version: Java(TM) SE Runtime Environment (11.0.1+13) (build 11.0.1+13-LTS)
# Java VM: Java HotSpot(TM) 64-Bit Server VM (11.0.1+13-LTS, mixed mode, tiered, compressed oops, g1 gc, windows-amd64)
Heap:
 garbage-first heap   total 570368K, used 566060K [0x0000000741400000, 0x0000000800000000)
  region size 1024K, 25 young (25600K), 2 survivors (2048K)
 Metaspace       used 33333K, capacity 34134K, committed 34432K, reserved 1079296K
  class space    used 3859K, capacity 4104K, committed 4224K, reserved 1048576K
GC Heap History (10 events):
Event: 265.974 GC heap after
{Heap after GC invocations=328 (full 0):
 garbage-first heap   total 565248K, used 531048K [0x0000000741400000, 0x0000000800000000)
  region size 1024K, 4 young (4096K), 4 survivors (4096K)
 Metaspace       used 33292K, capacity 34066K, committed 34432K, reserved 1079296K
  class space    used 3858K, capacity 4104K, committed 4224K, reserved 1048576K
}
Event: 267.576 GC heap before
{Heap before GC invocations=328 (full 0):
 garbage-first heap   total 565248K, used 555624K [0x0000000741400000, 0x0000000800000000)
  region size 1024K, 27 young (27648K), 4 survivors (4096K)
 Metaspace       used 33295K, capacity 34067K, committed 34432K, reserved 1079296K
  class space    used 3858K, capacity 4104K, committed 4224K, reserved 1048576K
}
Event: 267.583 GC heap after
{Heap after GC invocations=329 (full 0):
 garbage-first heap   total 566272K, used 530803K [0x0000000741400000, 0x0000000800000000)
  region size 1024K, 3 young (3072K), 3 survivors (3072K)
 Metaspace       used 33295K, capacity 34067K, committed 34432K, reserved 1079296K
  class space    used 3858K, capacity 4104K, committed 4224K, reserved 1048576K
}
Event: 268.081 GC heap before
{Heap before GC invocations=329 (full 0):
 garbage-first heap   total 566272K, used 554355K [0x0000000741400000, 0x0000000800000000)
  region size 1024K, 27 young (27648K), 3 survivors (3072K)
 Metaspace       used 33295K, capacity 34067K, committed 34432K, reserved 1079296K
  class space    used 3858K, capacity 4104K, committed 4224K, reserved 1048576K
}
Event: 268.093 GC heap after
{Heap after GC invocations=330 (full 0):
 garbage-first heap   total 566272K, used 531932K [0x0000000741400000, 0x0000000800000000)
  region size 1024K, 2 young (2048K), 2 survivors (2048K)
 Metaspace       used 33295K, capacity 34067K, committed 34432K, reserved 1079296K
  class space    used 3858K, capacity 4104K, committed 4224K, reserved 1048576K
}
Event: 268.660 GC heap before
{Heap before GC invocations=330 (full 0):
 garbage-first heap   total 566272K, used 557532K [0x0000000741400000, 0x0000000800000000)
  region size 1024K, 27 young (27648K), 2 survivors (2048K)
 Metaspace       used 33295K, capacity 34067K, committed 34432K, reserved 1079296K
  class space    used 3858K, capacity 4104K, committed 4224K, reserved 1048576K
}
Event: 268.666 GC heap after
{Heap after GC invocations=331 (full 0):
 garbage-first heap   total 566272K, used 536356K [0x0000000741400000, 0x0000000800000000)
  region size 1024K, 4 young (4096K), 4 survivors (4096K)
 Metaspace       used 33295K, capacity 34067K, committed 34432K, reserved 1079296K
  class space    used 3858K, capacity 4104K, committed 4224K, reserved 1048576K
}
Event: 269.342 GC heap before
{Heap before GC invocations=332 (full 0):
 garbage-first heap   total 566272K, used 558884K [0x0000000741400000, 0x0000000800000000)
  region size 1024K, 27 young (27648K), 4 survivors (4096K)
 Metaspace       used 33314K, capacity 34070K, committed 34432K, reserved 1079296K
  class space    used 3859K, capacity 4104K, committed 4224K, reserved 1048576K
}
Event: 269.348 GC heap after
{Heap after GC invocations=333 (full 0):
 garbage-first heap   total 569344K, used 541484K [0x0000000741400000, 0x0000000800000000)
  region size 1024K, 4 young (4096K), 4 survivors (4096K)
 Metaspace       used 33314K, capacity 34070K, committed 34432K, reserved 1079296K
  class space    used 3859K, capacity 4104K, committed 4224K, reserved 1048576K
}
Event: 271.062 GC heap before
{Heap before GC invocations=333 (full 0):
 garbage-first heap   total 569344K, used 565036K [0x0000000741400000, 0x0000000800000000)
  region size 1024K, 27 young (27648K), 4 survivors (4096K)
 Metaspace       used 33333K, capacity 34134K, committed 34432K, reserved 1079296K
  class space    used 3859K, capacity 4104K, committed 4224K, reserved 1048576K
}

