# JRE version: Java(TM) SE Runtime Environment (11.0.1+13) (build 11.0.1+13-LTS)
# Java VM: Java HotSpot(TM) 64-Bit Server VM (11.0.1+13-LTS, mixed mode, tiered, compressed oops, g1 gc, windows-amd64)
Heap:
 garbage-first heap   total 474112K, used 458615K [0x0000000741400000, 0x0000000800000000)
  region size 1024K, 19 young (19456K), 3 survivors (3072K)
 Metaspace       used 33322K, capacity 34065K, committed 34432K, reserved 1079296K
  class space    used 3862K, capacity 4104K, committed 4224K, reserved 1048576K
GC Heap History (10 events):
Event: 279.997 GC heap before
{Heap before GC invocations=279 (full 0):
 garbage-first heap   total 464896K, used 458952K [0x0000000741400000, 0x0000000800000000)
  region size 1024K, 22 young (22528K), 3 survivors (3072K)
 Metaspace       used 33322K, capacity 34065K, committed 34432K, reserved 1079296K
  class space    used 3862K, capacity 4104K, committed 4224K, reserved 1048576K
}
Event: 280.005 GC heap after
{Heap after GC invocations=280 (full 0):
 garbage-first heap   total 470016K, used 436941K [0x0000000741400000, 0x0000000800000000)
  region size 1024K, 2 young (2048K), 2 survivors (2048K)
 Metaspace       used 33322K, capacity 34065K, committed 34432K, reserved 1079296K
  class space    used 3862K, capacity 4104K, committed 4224K, reserved 1048576K
}
Event: 281.938 GC heap before
{Heap before GC invocations=280 (full 0):
 garbage-first heap   total 470016K, used 456397K [0x0000000741400000, 0x0000000800000000)
  region size 1024K, 22 young (22528K), 2 survivors (2048K)
 Metaspace       used 33322K, capacity 34065K, committed 34432K, reserved 1079296K
  class space    used 3862K, capacity 4104K, committed 4224K, reserved 1048576K
}
Event: 281.946 GC heap after
{Heap after GC invocations=281 (full 0):
 garbage-first heap   total 470016K, used 438995K [0x0000000741400000, 0x0000000800000000)
  region size 1024K, 2 young (2048K), 2 survivors (2048K)
 Metaspace       used 33322K, capacity 34065K, committed 34432K, reserved 1079296K
  class space    used 3862K, capacity 4104K, committed 4224K, reserved 1048576K
}
Event: 282.569 GC heap before
{Heap before GC invocations=282 (full 0):
 garbage-first heap   total 470016K, used 459475K [0x0000000741400000, 0x0000000800000000)
  region size 1024K, 22 young (22528K), 2 survivors (2048K)
 Metaspace       used 33322K, capacity 34065K, committed 34432K, reserved 1079296K
  class space    used 3862K, capacity 4104K, committed 4224K, reserved 1048576K
}
Event: 282.572 GC heap after
{Heap after GC invocations=283 (full 0):
 garbage-first heap   total 470016K, used 440401K [0x0000000741400000, 0x0000000800000000)
  region size 1024K, 2 young (2048K), 2 survivors (2048K)
 Metaspace       used 33322K, capacity 34065K, committed 34432K, reserved 1079296K
  class space    used 3862K, capacity 4104K, committed 4224K, reserved 1048576K
}
Event: 282.776 GC heap before
{Heap before GC invocations=283 (full 0):
 garbage-first heap   total 470016K, used 460881K [0x0000000741400000, 0x0000000800000000)
  region size 1024K, 22 young (22528K), 2 survivors (2048K)
 Metaspace       used 33322K, capacity 34065K, committed 34432K, reserved 1079296K
  class space    used 3862K, capacity 4104K, committed 4224K, reserved 1048576K
}
Event: 282.783 GC heap after
{Heap after GC invocations=284 (full 0):
 garbage-first heap   total 474112K, used 438556K [0x0000000741400000, 0x0000000800000000)
  region size 1024K, 3 young (3072K), 3 survivors (3072K)
 Metaspace       used 33322K, capacity 34065K, committed 34432K, reserved 1079296K
  class space    used 3862K, capacity 4104K, committed 4224K, reserved 1048576K
}
Event: 283.256 GC heap before
{Heap before GC invocations=284 (full 0):
 garbage-first heap   total 474112K, used 458012K [0x0000000741400000, 0x0000000800000000)
  region size 1024K, 23 young (23552K), 3 survivors (3072K)
 Metaspace       used 33322K, capacity 34065K, committed 34432K, reserved 1079296K
  class space    used 3862K, capacity 4104K, committed 4224K, reserved 1048576K
}
Event: 283.265 GC heap after
{Heap after GC invocations=285 (full 0):
 garbage-first heap   total 474112K, used 443255K [0x0000000741400000, 0x0000000800000000)
  region size 1024K, 3 young (3072K), 3 survivors (3072K)
 Metaspace       used 33322K, capacity 34065K, committed 34432K, reserved 1079296K
  class space    used 3862K, capacity 4104K, committed 4224K, reserved 1048576K
}

